<?xml version="1.0" encoding="UTF-8"?>
<testng-results ignored="0" total="1" passed="1" failed="0" skipped="0">
  <reporter-output>
  </reporter-output>
  <suite started-at="2024-10-21T12:38:10 EEST" name="Default suite" finished-at="2024-10-21T12:38:10 EEST" duration-ms="45">
    <groups>
    </groups>
    <test started-at="2024-10-21T12:38:10 EEST" name="Default test" finished-at="2024-10-21T12:38:10 EEST" duration-ms="45">
      <class name="streamsTutorial.Test1">
        <test-method signature="streamCollect()[pri:0, instance:streamsTutorial.Test1@6283d8b8]" started-at="2024-10-21T12:38:10 EEST" name="streamCollect" finished-at="2024-10-21T12:38:10 EEST" duration-ms="13" status="PASS">
          <reporter-output>
          </reporter-output>
        </test-method> <!-- streamCollect -->
      </class> <!-- streamsTutorial.Test1 -->
    </test> <!-- Default test -->
  </suite> <!-- Default suite -->
</testng-results>
